<?xml version="1.0" encoding="UTF-8"?>
<!-- Generated by org.testng.reporters.JUnitReportReporter -->
<testsuite skipped="0" hostname="DESKTOP-HGE39OB" name="com.automationtalks.RegressionSuite.VehicalInsuranceCalculator" tests="2" failures="0" timestamp="2019-11-09T07:55:01 IST" time="26.144" errors="0">
  <testcase name="motorCycleInsuranceCalculation1" time="11.449" classname="com.automationtalks.RegressionSuite.VehicalInsuranceCalculator"/>
  <testcase name="motorCycleInsuranceCalculation" time="14.695" classname="com.automationtalks.RegressionSuite.VehicalInsuranceCalculator"/>
</testsuite> <!-- com.automationtalks.RegressionSuite.VehicalInsuranceCalculator -->
