<?xml version="1.0" encoding="UTF-8"?>
<!-- Generated by org.testng.reporters.JUnitReportReporter -->
<testsuite skipped="0" hostname="DESKTOP-HGE39OB" name="com.automationtalks.TestBaseLibrary.TestBase" tests="1" failures="0" timestamp="2019-11-07T22:56:00 IST" time="8.613" errors="0">
  <testcase name="launchBrowser" time="8.613" classname="com.automationtalks.TestBaseLibrary.TestBase"/>
</testsuite> <!-- com.automationtalks.TestBaseLibrary.TestBase -->
