<?xml version="1.0" encoding="UTF-8"?>
<!-- Generated by org.testng.reporters.JUnitReportReporter -->
<testsuite skipped="0" hostname="DESKTOP-HGE39OB" name="com.automationtalks.RegressionSuite.VehicalInsuranceCalculator" tests="2" failures="0" timestamp="2019-11-09T08:08:59 IST" time="40.302" errors="0">
  <testcase name="motorCycleInsuranceCalculation" time="26.251" classname="com.automationtalks.RegressionSuite.VehicalInsuranceCalculator"/>
  <testcase name="motorCycleInsuranceCalculation1" time="14.051" classname="com.automationtalks.RegressionSuite.VehicalInsuranceCalculator"/>
</testsuite> <!-- com.automationtalks.RegressionSuite.VehicalInsuranceCalculator -->
